# JRE version: 6.0_36-b36
# Java VM: OpenJDK 64-Bit Server VM (23.25-b01 mixed mode linux-amd64 compressed oops)
Heap
 def new generation   total 19008K, used 3444K [0x00000000b7c00000, 0x00000000b9090000, 0x00000000cc600000)
  eden space 16960K,  11% used [0x00000000b7c00000, 0x00000000b7de8220, 0x00000000b8c90000)
  from space 2048K,  72% used [0x00000000b8c90000, 0x00000000b8e05098, 0x00000000b8e90000)
  to   space 2048K,   0% used [0x00000000b8e90000, 0x00000000b8e90000, 0x00000000b9090000)
 tenured generation   total 42240K, used 8109K [0x00000000cc600000, 0x00000000cef40000, 0x00000000f5a00000)
   the space 42240K,  19% used [0x00000000cc600000, 0x00000000ccdeb4e8, 0x00000000ccdeb600, 0x00000000cef40000)
 compacting perm gen  total 21248K, used 19570K [0x00000000f5a00000, 0x00000000f6ec0000, 0x0000000100000000)
   the space 21248K,  92% used [0x00000000f5a00000, 0x00000000f6d1cb90, 0x00000000f6d1cc00, 0x00000000f6ec0000)
GC Heap History (4 events):
Event: 2.010 GC heap before
{Heap before GC invocations=0 (full 0):
 def new generation   total 19008K, used 16960K [0x00000000b7c00000, 0x00000000b9090000, 0x00000000cc600000)
  eden space 16960K, 100% used [0x00000000b7c00000, 0x00000000b8c90000, 0x00000000b8c90000)
  from space 2048K,   0% used [0x00000000b8c90000, 0x00000000b8c90000, 0x00000000b8e90000)
  to   space 2048K,   0% used [0x00000000b8e90000, 0x00000000b8e90000, 0x00000000b9090000)
 tenured generation   total 42240K, used 0K [0x00000000cc600000, 0x00000000cef40000, 0x00000000f5a00000)
   the space 42240K,   0% used [0x00000000cc600000, 0x00000000cc600000, 0x00000000cc600200, 0x00000000cef40000)
 compacting perm gen  total 21248K, used 14767K [0x00000000f5a00000, 0x00000000f6ec0000, 0x0000000100000000)
   the space 21248K,  69% used [0x00000000f5a00000, 0x00000000f686be10, 0x00000000f686c000, 0x00000000f6ec0000)
No shared spaces configured.
Event: 2.051 GC heap after
Heap after GC invocations=1 (full 0):
 def new generation   total 19008K, used 2048K [0x00000000b7c00000, 0x00000000b9090000, 0x00000000cc600000)
  eden space 16960K,   0% used [0x00000000b7c00000, 0x00000000b7c00000, 0x00000000b8c90000)
  from space 2048K, 100% used [0x00000000b8e90000, 0x00000000b9090000, 0x00000000b9090000)
  to   space 2048K,   0% used [0x00000000b8c90000, 0x00000000b8c90000, 0x00000000b8e90000)
 tenured generation   total 42240K, used 1855K [0x00000000cc600000, 0x00000000cef40000, 0x00000000f5a00000)
   the space 42240K,   4% used [0x00000000cc600000, 0x00000000cc7cfee0, 0x00000000cc7d0000, 0x00000000cef40000)
 compacting perm gen  total 21248K, used 14767K [0x00000000f5a00000, 0x00000000f6ec0000, 0x0000000100000000)
   the space 21248K,  69% used [0x00000000f5a00000, 0x00000000f686be10, 0x00000000f686c000, 0x00000000f6ec0000)
No shared spaces configured.
}
Event: 31.498 GC heap before
{Heap before GC invocations=1 (full 0):
 def new generation   total 19008K, used 19008K [0x00000000b7c00000, 0x00000000b9090000, 0x00000000cc600000)
  eden space 16960K, 100% used [0x00000000b7c00000, 0x00000000b8c90000, 0x00000000b8c90000)
  from space 2048K, 100% used [0x00000000b8e90000, 0x00000000b9090000, 0x00000000b9090000)
  to   space 2048K,   0% used [0x00000000b8c90000, 0x00000000b8c90000, 0x00000000b8e90000)
 tenured generation   total 42240K, used 1855K [0x00000000cc600000, 0x00000000cef40000, 0x00000000f5a00000)
   the space 42240K,   4% used [0x00000000cc600000, 0x00000000cc7cfee0, 0x00000000cc7d0000, 0x00000000cef40000)
 compacting perm gen  total 21248K, used 19414K [0x00000000f5a00000, 0x00000000f6ec0000, 0x0000000100000000)
   the space 21248K,  91% used [0x00000000f5a00000, 0x00000000f6cf5a80, 0x00000000f6cf5c00, 0x00000000f6ec0000)
No shared spaces configured.
Event: 31.522 GC heap after
Heap after GC invocations=2 (full 0):
 def new generation   total 19008K, used 1492K [0x00000000b7c00000, 0x00000000b9090000, 0x00000000cc600000)
  eden space 16960K,   0% used [0x00000000b7c00000, 0x00000000b7c00000, 0x00000000b8c90000)
  from space 2048K,  72% used [0x00000000b8c90000, 0x00000000b8e05098, 0x00000000b8e90000)
  to   space 2048K,   0% used [0x00000000b8e90000, 0x00000000b8e90000, 0x00000000b9090000)
 tenured generation   total 42240K, used 8109K [0x00000000cc600000, 0x00000000cef40000, 0x00000000f5a00000)
   the space 42240K,  19% used [0x00000000cc600000, 0x00000000ccdeb4e8, 0x00000000ccdeb600, 0x00000000cef40000)
 compacting perm gen  total 21248K, used 19414K [0x00000000f5a00000, 0x00000000f6ec0000, 0x0000000100000000)
   the space 21248K,  91% used [0x00000000f5a00000, 0x00000000f6cf5a80, 0x00000000f6cf5c00, 0x00000000f6ec0000)
No shared spaces configured.
}

